<?xml version="1.0" encoding="UTF-8"?>
<!-- Generated by org.testng.reporters.JUnitReportReporter -->
<testsuite hostname="Gabriels-MacBook-Pro.local" failures="0" tests="1" name="com.project.TestEx" time="2.753" errors="0" timestamp="12 May 2018 18:40:19 GMT" skipped="0">
  <testcase classname="com.project.TestEx" name="Browser" time="2.753"/>
</testsuite> <!-- com.project.TestEx -->
